mode: set
github.com/mooncaker816/go-calendar/calendar.go:95.30,97.2 1 1
github.com/mooncaker816/go-calendar/calendar.go:110.66,111.12 1 0
github.com/mooncaker816/go-calendar/calendar.go:114.2,114.9 1 0
github.com/mooncaker816/go-calendar/calendar.go:117.2,117.35 1 0
github.com/mooncaker816/go-calendar/calendar.go:111.12,113.3 1 0
github.com/mooncaker816/go-calendar/calendar.go:114.9,116.3 1 0
github.com/mooncaker816/go-calendar/calendar.go:120.48,121.45 1 1
github.com/mooncaker816/go-calendar/calendar.go:124.2,124.43 1 1
github.com/mooncaker816/go-calendar/calendar.go:121.45,123.3 1 1
github.com/mooncaker816/go-calendar/calendar.go:129.27,130.15 1 1
github.com/mooncaker816/go-calendar/calendar.go:133.2,133.36 1 1
github.com/mooncaker816/go-calendar/calendar.go:130.15,132.3 1 1
github.com/mooncaker816/go-calendar/calendar.go:137.45,141.39 4 1
github.com/mooncaker816/go-calendar/calendar.go:146.2,161.30 12 1
github.com/mooncaker816/go-calendar/calendar.go:167.2,172.9 6 1
github.com/mooncaker816/go-calendar/calendar.go:189.2,191.17 3 1
github.com/mooncaker816/go-calendar/calendar.go:196.2,198.14 3 1
github.com/mooncaker816/go-calendar/calendar.go:201.2,207.14 6 1
github.com/mooncaker816/go-calendar/calendar.go:210.2,222.20 8 1
github.com/mooncaker816/go-calendar/calendar.go:236.2,236.17 1 1
github.com/mooncaker816/go-calendar/calendar.go:240.2,246.67 5 1
github.com/mooncaker816/go-calendar/calendar.go:249.2,264.66 11 1
github.com/mooncaker816/go-calendar/calendar.go:267.2,268.13 2 1
github.com/mooncaker816/go-calendar/calendar.go:141.39,143.3 1 1
github.com/mooncaker816/go-calendar/calendar.go:161.30,162.17 1 1
github.com/mooncaker816/go-calendar/calendar.go:165.3,165.11 1 1
github.com/mooncaker816/go-calendar/calendar.go:162.17,163.9 1 1
github.com/mooncaker816/go-calendar/calendar.go:174.26,175.18 1 1
github.com/mooncaker816/go-calendar/calendar.go:182.44,183.23 1 1
github.com/mooncaker816/go-calendar/calendar.go:185.45,186.23 1 1
github.com/mooncaker816/go-calendar/calendar.go:176.11,177.15 1 1
github.com/mooncaker816/go-calendar/calendar.go:178.10,179.27 1 1
github.com/mooncaker816/go-calendar/calendar.go:191.17,194.3 2 1
github.com/mooncaker816/go-calendar/calendar.go:198.14,200.3 1 1
github.com/mooncaker816/go-calendar/calendar.go:207.14,209.3 1 1
github.com/mooncaker816/go-calendar/calendar.go:223.10,224.38 1 1
github.com/mooncaker816/go-calendar/calendar.go:225.10,226.38 1 1
github.com/mooncaker816/go-calendar/calendar.go:227.10,228.36 1 0
github.com/mooncaker816/go-calendar/calendar.go:229.12,231.47 2 1
github.com/mooncaker816/go-calendar/calendar.go:234.3,234.34 1 1
github.com/mooncaker816/go-calendar/calendar.go:231.47,233.4 1 1
github.com/mooncaker816/go-calendar/calendar.go:236.17,238.3 1 1
github.com/mooncaker816/go-calendar/calendar.go:246.67,248.3 1 1
github.com/mooncaker816/go-calendar/calendar.go:264.66,266.3 1 1
github.com/mooncaker816/go-calendar/calendar.go:271.30,275.12 4 1
github.com/mooncaker816/go-calendar/calendar.go:279.2,284.14 6 1
github.com/mooncaker816/go-calendar/calendar.go:290.2,291.17 2 1
github.com/mooncaker816/go-calendar/calendar.go:294.2,295.25 2 1
github.com/mooncaker816/go-calendar/calendar.go:298.2,301.19 4 1
github.com/mooncaker816/go-calendar/calendar.go:275.12,278.3 2 1
github.com/mooncaker816/go-calendar/calendar.go:284.14,286.26 2 1
github.com/mooncaker816/go-calendar/calendar.go:286.26,288.4 1 1
github.com/mooncaker816/go-calendar/calendar.go:291.17,293.3 1 1
github.com/mooncaker816/go-calendar/calendar.go:295.25,297.3 1 1
github.com/mooncaker816/go-calendar/calendar.go:304.32,313.31 7 1
github.com/mooncaker816/go-calendar/calendar.go:381.2,382.28 2 1
github.com/mooncaker816/go-calendar/calendar.go:390.2,390.19 1 1
github.com/mooncaker816/go-calendar/calendar.go:313.31,314.12 1 1
github.com/mooncaker816/go-calendar/calendar.go:317.3,318.13 2 1
github.com/mooncaker816/go-calendar/calendar.go:323.3,323.28 1 1
github.com/mooncaker816/go-calendar/calendar.go:338.3,340.13 3 1
github.com/mooncaker816/go-calendar/calendar.go:345.3,345.28 1 1
github.com/mooncaker816/go-calendar/calendar.go:377.3,377.22 1 1
github.com/mooncaker816/go-calendar/calendar.go:314.12,316.4 1 1
github.com/mooncaker816/go-calendar/calendar.go:318.13,319.33 1 1
github.com/mooncaker816/go-calendar/calendar.go:319.33,321.5 1 1
github.com/mooncaker816/go-calendar/calendar.go:323.28,324.31 1 1
github.com/mooncaker816/go-calendar/calendar.go:329.4,330.16 2 1
github.com/mooncaker816/go-calendar/calendar.go:333.4,333.18 1 1
github.com/mooncaker816/go-calendar/calendar.go:336.4,336.42 1 1
github.com/mooncaker816/go-calendar/calendar.go:324.31,326.5 1 1
github.com/mooncaker816/go-calendar/calendar.go:326.5,328.5 1 1
github.com/mooncaker816/go-calendar/calendar.go:330.16,331.10 1 1
github.com/mooncaker816/go-calendar/calendar.go:333.18,334.13 1 1
github.com/mooncaker816/go-calendar/calendar.go:340.13,341.33 1 1
github.com/mooncaker816/go-calendar/calendar.go:341.33,343.5 1 1
github.com/mooncaker816/go-calendar/calendar.go:345.28,347.11 2 1
github.com/mooncaker816/go-calendar/calendar.go:364.4,365.20 2 1
github.com/mooncaker816/go-calendar/calendar.go:368.4,368.18 1 1
github.com/mooncaker816/go-calendar/calendar.go:371.4,371.30 1 1
github.com/mooncaker816/go-calendar/calendar.go:348.20,349.45 1 1
github.com/mooncaker816/go-calendar/calendar.go:358.5,358.17 1 1
github.com/mooncaker816/go-calendar/calendar.go:361.12,362.36 1 1
github.com/mooncaker816/go-calendar/calendar.go:349.45,351.6 1 1
github.com/mooncaker816/go-calendar/calendar.go:351.6,352.41 1 1
github.com/mooncaker816/go-calendar/calendar.go:352.41,354.7 1 1
github.com/mooncaker816/go-calendar/calendar.go:354.7,356.7 1 1
github.com/mooncaker816/go-calendar/calendar.go:358.17,360.6 1 1
github.com/mooncaker816/go-calendar/calendar.go:365.20,366.15 1 1
github.com/mooncaker816/go-calendar/calendar.go:368.18,369.13 1 1
github.com/mooncaker816/go-calendar/calendar.go:371.30,373.5 1 1
github.com/mooncaker816/go-calendar/calendar.go:373.5,375.5 1 1
github.com/mooncaker816/go-calendar/calendar.go:382.28,389.3 6 1
github.com/mooncaker816/go-calendar/calendar.go:393.31,396.12 3 1
github.com/mooncaker816/go-calendar/calendar.go:399.2,400.26 2 1
github.com/mooncaker816/go-calendar/calendar.go:404.2,404.19 1 1
github.com/mooncaker816/go-calendar/calendar.go:396.12,398.3 1 0
github.com/mooncaker816/go-calendar/calendar.go:400.26,403.3 2 1
github.com/mooncaker816/go-calendar/calendar.go:408.32,410.2 1 1
github.com/mooncaker816/go-calendar/calendar.go:416.77,418.16 2 1
github.com/mooncaker816/go-calendar/calendar.go:422.2,425.28 3 1
github.com/mooncaker816/go-calendar/calendar.go:418.16,420.3 1 0
github.com/mooncaker816/go-calendar/calendar.go:431.70,432.12 1 1
github.com/mooncaker816/go-calendar/calendar.go:435.2,435.9 1 1
github.com/mooncaker816/go-calendar/calendar.go:438.2,438.21 1 1
github.com/mooncaker816/go-calendar/calendar.go:441.2,446.27 6 1
github.com/mooncaker816/go-calendar/calendar.go:449.2,449.21 1 1
github.com/mooncaker816/go-calendar/calendar.go:452.2,460.33 8 1
github.com/mooncaker816/go-calendar/calendar.go:471.2,471.27 1 1
github.com/mooncaker816/go-calendar/calendar.go:474.2,475.20 2 1
github.com/mooncaker816/go-calendar/calendar.go:432.12,434.3 1 0
github.com/mooncaker816/go-calendar/calendar.go:435.9,437.3 1 1
github.com/mooncaker816/go-calendar/calendar.go:438.21,440.3 1 0
github.com/mooncaker816/go-calendar/calendar.go:446.27,448.3 1 0
github.com/mooncaker816/go-calendar/calendar.go:449.21,451.3 1 0
github.com/mooncaker816/go-calendar/calendar.go:460.33,461.30 1 1
github.com/mooncaker816/go-calendar/calendar.go:461.30,463.62 2 1
github.com/mooncaker816/go-calendar/calendar.go:466.4,466.34 1 1
github.com/mooncaker816/go-calendar/calendar.go:463.62,465.5 1 1
github.com/mooncaker816/go-calendar/calendar.go:466.34,467.15 1 1
github.com/mooncaker816/go-calendar/calendar.go:471.27,473.3 1 1
github.com/mooncaker816/go-calendar/calendar.go:480.50,482.12 2 1
github.com/mooncaker816/go-calendar/calendar.go:485.2,485.9 1 1
github.com/mooncaker816/go-calendar/calendar.go:488.2,493.26 6 1
github.com/mooncaker816/go-calendar/calendar.go:500.2,500.19 1 1
github.com/mooncaker816/go-calendar/calendar.go:482.12,484.3 1 0
github.com/mooncaker816/go-calendar/calendar.go:485.9,487.3 1 0
github.com/mooncaker816/go-calendar/calendar.go:493.26,495.17 2 1
github.com/mooncaker816/go-calendar/calendar.go:498.3,498.21 1 1
github.com/mooncaker816/go-calendar/calendar.go:495.17,497.4 1 0
github.com/mooncaker816/go-calendar/calendar.go:507.75,509.16 2 1
github.com/mooncaker816/go-calendar/calendar.go:512.2,514.34 2 1
github.com/mooncaker816/go-calendar/calendar.go:525.2,525.29 1 1
github.com/mooncaker816/go-calendar/calendar.go:509.16,511.3 1 1
github.com/mooncaker816/go-calendar/calendar.go:514.34,515.45 1 1
github.com/mooncaker816/go-calendar/calendar.go:515.45,516.20 1 1
github.com/mooncaker816/go-calendar/calendar.go:519.4,522.26 4 1
github.com/mooncaker816/go-calendar/calendar.go:516.20,518.5 1 1
github.com/mooncaker816/go-calendar/calendar.go:530.80,532.16 2 1
github.com/mooncaker816/go-calendar/calendar.go:535.2,539.30 5 1
github.com/mooncaker816/go-calendar/calendar.go:546.2,546.8 1 1
github.com/mooncaker816/go-calendar/calendar.go:556.2,556.36 1 0
github.com/mooncaker816/go-calendar/calendar.go:532.16,534.3 1 1
github.com/mooncaker816/go-calendar/calendar.go:539.30,540.17 1 1
github.com/mooncaker816/go-calendar/calendar.go:544.3,544.11 1 1
github.com/mooncaker816/go-calendar/calendar.go:540.17,542.9 2 1
github.com/mooncaker816/go-calendar/calendar.go:546.8,551.37 5 1
github.com/mooncaker816/go-calendar/calendar.go:554.3,554.31 1 1
github.com/mooncaker816/go-calendar/calendar.go:551.37,553.4 1 1
github.com/mooncaker816/go-calendar/calendar.go:559.55,561.12 1 1
github.com/mooncaker816/go-calendar/calendar.go:564.2,564.9 1 1
github.com/mooncaker816/go-calendar/calendar.go:568.2,568.21 1 1
github.com/mooncaker816/go-calendar/calendar.go:572.2,572.11 1 1
github.com/mooncaker816/go-calendar/calendar.go:579.2,579.11 1 1
github.com/mooncaker816/go-calendar/calendar.go:582.2,583.27 2 1
github.com/mooncaker816/go-calendar/calendar.go:586.2,586.13 1 1
github.com/mooncaker816/go-calendar/calendar.go:589.2,589.15 1 1
github.com/mooncaker816/go-calendar/calendar.go:561.12,563.3 1 1
github.com/mooncaker816/go-calendar/calendar.go:564.9,566.3 1 1
github.com/mooncaker816/go-calendar/calendar.go:568.21,570.3 1 1
github.com/mooncaker816/go-calendar/calendar.go:572.11,573.22 1 1
github.com/mooncaker816/go-calendar/calendar.go:576.3,576.16 1 1
github.com/mooncaker816/go-calendar/calendar.go:573.22,575.4 1 1
github.com/mooncaker816/go-calendar/calendar.go:579.11,581.3 1 0
github.com/mooncaker816/go-calendar/calendar.go:583.27,585.3 1 0
github.com/mooncaker816/go-calendar/calendar.go:586.13,588.3 1 1
github.com/mooncaker816/go-calendar/correction.go:16.13,21.2 4 1
github.com/mooncaker816/go-calendar/correction.go:23.29,24.11 1 1
github.com/mooncaker816/go-calendar/correction.go:27.2,27.58 1 1
github.com/mooncaker816/go-calendar/correction.go:30.2,30.57 1 1
github.com/mooncaker816/go-calendar/correction.go:33.2,33.10 1 1
github.com/mooncaker816/go-calendar/correction.go:24.11,26.3 1 1
github.com/mooncaker816/go-calendar/correction.go:27.58,29.3 1 1
github.com/mooncaker816/go-calendar/correction.go:30.57,32.3 1 1
github.com/mooncaker816/go-calendar/correction.go:36.27,37.11 1 1
github.com/mooncaker816/go-calendar/correction.go:40.2,40.56 1 1
github.com/mooncaker816/go-calendar/correction.go:43.2,43.55 1 1
github.com/mooncaker816/go-calendar/correction.go:46.2,46.10 1 1
github.com/mooncaker816/go-calendar/correction.go:37.11,39.3 1 1
github.com/mooncaker816/go-calendar/correction.go:40.56,42.3 1 1
github.com/mooncaker816/go-calendar/correction.go:43.55,45.3 1 1
github.com/mooncaker816/go-calendar/lunar.go:28.13,31.16 3 1
github.com/mooncaker816/go-calendar/lunar.go:31.16,33.3 1 0
github.com/mooncaker816/go-calendar/lunar.go:73.35,75.14 2 0
github.com/mooncaker816/go-calendar/lunar.go:80.2,84.69 5 0
github.com/mooncaker816/go-calendar/lunar.go:75.14,78.3 2 0
github.com/mooncaker816/go-calendar/lunar.go:93.33,94.29 1 0
github.com/mooncaker816/go-calendar/lunar.go:94.29,97.3 2 0
github.com/mooncaker816/go-calendar/lunar.go:101.56,103.27 2 1
github.com/mooncaker816/go-calendar/lunar.go:106.2,114.11 9 1
github.com/mooncaker816/go-calendar/lunar.go:103.27,105.3 1 0
github.com/mooncaker816/go-calendar/lunar.go:118.27,120.25 2 1
github.com/mooncaker816/go-calendar/lunar.go:120.25,122.22 2 1
github.com/mooncaker816/go-calendar/lunar.go:127.3,128.6 2 1
github.com/mooncaker816/go-calendar/lunar.go:122.22,124.4 1 1
github.com/mooncaker816/go-calendar/lunar.go:124.4,126.4 1 1
github.com/mooncaker816/go-calendar/lunar.go:136.35,137.25 1 1
github.com/mooncaker816/go-calendar/lunar.go:137.25,139.27 2 1
github.com/mooncaker816/go-calendar/lunar.go:139.27,143.4 3 1
github.com/mooncaker816/go-calendar/lunar.go:148.43,151.21 3 1
github.com/mooncaker816/go-calendar/lunar.go:154.2,154.6 1 1
github.com/mooncaker816/go-calendar/lunar.go:162.2,162.27 1 1
github.com/mooncaker816/go-calendar/lunar.go:151.21,153.3 1 1
github.com/mooncaker816/go-calendar/lunar.go:154.6,158.28 4 1
github.com/mooncaker816/go-calendar/lunar.go:158.28,159.9 1 1
github.com/mooncaker816/go-calendar/lunar.go:166.35,167.25 1 1
github.com/mooncaker816/go-calendar/lunar.go:191.2,191.8 1 1
github.com/mooncaker816/go-calendar/lunar.go:167.25,173.23 4 1
github.com/mooncaker816/go-calendar/lunar.go:178.3,179.27 2 1
github.com/mooncaker816/go-calendar/lunar.go:187.3,187.56 1 1
github.com/mooncaker816/go-calendar/lunar.go:173.23,177.4 1 1
github.com/mooncaker816/go-calendar/lunar.go:179.27,184.4 4 1
github.com/mooncaker816/go-calendar/lunar.go:187.56,189.4 1 1
github.com/mooncaker816/go-calendar/lunar.go:194.34,199.10 5 1
github.com/mooncaker816/go-calendar/lunar.go:202.2,202.86 1 1
github.com/mooncaker816/go-calendar/lunar.go:199.10,201.3 1 1
github.com/mooncaker816/go-calendar/lunar.go:205.37,207.2 1 1
github.com/mooncaker816/go-calendar/lunar.go:209.35,211.2 1 1
github.com/mooncaker816/go-calendar/lunar.go:213.50,215.24 2 1
github.com/mooncaker816/go-calendar/lunar.go:218.2,222.51 3 1
github.com/mooncaker816/go-calendar/lunar.go:236.2,236.25 1 1
github.com/mooncaker816/go-calendar/lunar.go:215.24,217.3 1 1
github.com/mooncaker816/go-calendar/lunar.go:222.51,223.18 1 1
github.com/mooncaker816/go-calendar/lunar.go:227.3,227.20 1 1
github.com/mooncaker816/go-calendar/lunar.go:233.3,233.35 1 1
github.com/mooncaker816/go-calendar/lunar.go:223.18,226.4 1 0
github.com/mooncaker816/go-calendar/lunar.go:227.20,229.16 1 1
github.com/mooncaker816/go-calendar/lunar.go:229.16,231.5 1 1
github.com/mooncaker816/go-calendar/lunar.go:294.65,297.32 3 1
github.com/mooncaker816/go-calendar/lunar.go:302.2,304.18 3 1
github.com/mooncaker816/go-calendar/lunar.go:307.2,307.24 1 1
github.com/mooncaker816/go-calendar/lunar.go:297.32,298.30 1 1
github.com/mooncaker816/go-calendar/lunar.go:298.30,299.9 1 1
github.com/mooncaker816/go-calendar/lunar.go:304.18,306.3 1 1
github.com/mooncaker816/go-calendar/lunar.go:311.38,314.19 3 1
github.com/mooncaker816/go-calendar/lunar.go:360.2,361.25 2 1
github.com/mooncaker816/go-calendar/lunar.go:369.2,370.24 2 1
github.com/mooncaker816/go-calendar/lunar.go:374.2,374.25 1 1
github.com/mooncaker816/go-calendar/lunar.go:407.2,408.19 2 1
github.com/mooncaker816/go-calendar/lunar.go:412.2,414.8 2 1
github.com/mooncaker816/go-calendar/lunar.go:315.29,317.26 1 1
github.com/mooncaker816/go-calendar/lunar.go:329.10,330.26 1 1
github.com/mooncaker816/go-calendar/lunar.go:336.3,336.21 1 1
github.com/mooncaker816/go-calendar/lunar.go:317.26,318.24 1 1
github.com/mooncaker816/go-calendar/lunar.go:322.4,322.24 1 1
github.com/mooncaker816/go-calendar/lunar.go:326.4,327.21 2 1
github.com/mooncaker816/go-calendar/lunar.go:318.24,321.5 2 1
github.com/mooncaker816/go-calendar/lunar.go:322.24,325.5 2 1
github.com/mooncaker816/go-calendar/lunar.go:330.26,331.18 1 1
github.com/mooncaker816/go-calendar/lunar.go:331.18,334.5 2 1
github.com/mooncaker816/go-calendar/lunar.go:337.11,338.39 1 1
github.com/mooncaker816/go-calendar/lunar.go:341.4,341.37 1 1
github.com/mooncaker816/go-calendar/lunar.go:344.11,345.39 1 1
github.com/mooncaker816/go-calendar/lunar.go:348.4,348.37 1 1
github.com/mooncaker816/go-calendar/lunar.go:351.17,352.39 1 1
github.com/mooncaker816/go-calendar/lunar.go:338.39,340.5 1 1
github.com/mooncaker816/go-calendar/lunar.go:341.37,343.5 1 1
github.com/mooncaker816/go-calendar/lunar.go:345.39,347.5 1 1
github.com/mooncaker816/go-calendar/lunar.go:348.37,350.5 1 0
github.com/mooncaker816/go-calendar/lunar.go:352.39,354.5 1 1
github.com/mooncaker816/go-calendar/lunar.go:361.25,364.13 3 1
github.com/mooncaker816/go-calendar/lunar.go:364.13,366.4 1 1
github.com/mooncaker816/go-calendar/lunar.go:370.24,372.3 1 1
github.com/mooncaker816/go-calendar/lunar.go:374.25,375.36 1 1
github.com/mooncaker816/go-calendar/lunar.go:375.36,380.18 5 1
github.com/mooncaker816/go-calendar/lunar.go:399.4,399.26 1 1
github.com/mooncaker816/go-calendar/lunar.go:403.4,403.38 1 1
github.com/mooncaker816/go-calendar/lunar.go:380.18,381.12 1 1
github.com/mooncaker816/go-calendar/lunar.go:382.23,384.21 2 1
github.com/mooncaker816/go-calendar/lunar.go:385.24,387.20 2 1
github.com/mooncaker816/go-calendar/lunar.go:388.13,390.21 2 1
github.com/mooncaker816/go-calendar/lunar.go:392.5,395.5 2 1
github.com/mooncaker816/go-calendar/lunar.go:399.26,401.5 1 1
github.com/mooncaker816/go-calendar/lunar.go:408.19,410.3 1 1
github.com/mooncaker816/go-calendar/lunar.go:420.43,423.26 3 1
github.com/mooncaker816/go-calendar/lunar.go:438.2,438.11 1 0
github.com/mooncaker816/go-calendar/lunar.go:423.26,426.20 3 1
github.com/mooncaker816/go-calendar/lunar.go:433.3,433.34 1 1
github.com/mooncaker816/go-calendar/lunar.go:436.3,436.11 1 1
github.com/mooncaker816/go-calendar/lunar.go:426.20,428.23 2 1
github.com/mooncaker816/go-calendar/lunar.go:431.4,431.16 1 1
github.com/mooncaker816/go-calendar/lunar.go:428.23,430.5 1 0
github.com/mooncaker816/go-calendar/lunar.go:433.34,434.12 1 1
github.com/mooncaker816/go-calendar/lunar.go:442.75,445.12 3 1
github.com/mooncaker816/go-calendar/lunar.go:463.2,463.20 1 1
github.com/mooncaker816/go-calendar/lunar.go:466.2,466.48 1 1
github.com/mooncaker816/go-calendar/lunar.go:446.16,447.25 1 1
github.com/mooncaker816/go-calendar/lunar.go:448.10,451.32 3 1
github.com/mooncaker816/go-calendar/lunar.go:455.10,458.32 3 1
github.com/mooncaker816/go-calendar/lunar.go:451.32,454.4 2 0
github.com/mooncaker816/go-calendar/lunar.go:458.32,461.4 2 1
github.com/mooncaker816/go-calendar/lunar.go:463.20,465.3 1 1
github.com/mooncaker816/go-calendar/lunar.go:470.40,472.12 2 1
github.com/mooncaker816/go-calendar/lunar.go:478.2,479.12 2 1
github.com/mooncaker816/go-calendar/lunar.go:482.2,482.14 1 1
github.com/mooncaker816/go-calendar/lunar.go:473.10,474.8 1 1
github.com/mooncaker816/go-calendar/lunar.go:475.10,476.9 1 1
github.com/mooncaker816/go-calendar/lunar.go:479.12,481.3 1 1
github.com/mooncaker816/go-calendar/lunar.go:486.37,487.12 1 1
github.com/mooncaker816/go-calendar/lunar.go:490.2,490.46 1 1
github.com/mooncaker816/go-calendar/lunar.go:487.12,489.3 1 1
github.com/mooncaker816/go-calendar/lunar.go:495.29,499.9 3 1
github.com/mooncaker816/go-calendar/lunar.go:500.16,501.14 1 1
github.com/mooncaker816/go-calendar/lunar.go:502.10,503.15 1 1
github.com/mooncaker816/go-calendar/lunar.go:508.38,513.29 4 0
github.com/mooncaker816/go-calendar/lunar.go:516.2,516.14 1 0
github.com/mooncaker816/go-calendar/lunar.go:513.29,515.3 1 0
github.com/mooncaker816/go-calendar/lunar.go:519.63,520.45 1 1
github.com/mooncaker816/go-calendar/lunar.go:523.2,523.33 1 1
github.com/mooncaker816/go-calendar/lunar.go:526.2,526.11 1 1
github.com/mooncaker816/go-calendar/lunar.go:520.45,522.3 1 1
github.com/mooncaker816/go-calendar/lunar.go:523.33,525.3 1 0
github.com/mooncaker816/go-calendar/lunar.go:536.31,537.15 1 1
github.com/mooncaker816/go-calendar/lunar.go:540.2,540.29 1 0
github.com/mooncaker816/go-calendar/lunar.go:543.2,543.34 1 0
github.com/mooncaker816/go-calendar/lunar.go:548.2,549.1 2 0
github.com/mooncaker816/go-calendar/lunar.go:550.2,556.30 7 0
github.com/mooncaker816/go-calendar/lunar.go:564.2,569.28 5 0
github.com/mooncaker816/go-calendar/lunar.go:573.2,574.33 2 0
github.com/mooncaker816/go-calendar/lunar.go:581.2,581.32 1 0
github.com/mooncaker816/go-calendar/lunar.go:591.2,591.25 1 0
github.com/mooncaker816/go-calendar/lunar.go:602.2,602.30 1 0
github.com/mooncaker816/go-calendar/lunar.go:610.2,610.71 1 0
github.com/mooncaker816/go-calendar/lunar.go:537.15,539.3 1 1
github.com/mooncaker816/go-calendar/lunar.go:540.29,541.13 1 0
github.com/mooncaker816/go-calendar/lunar.go:543.34,544.19 1 0
github.com/mooncaker816/go-calendar/lunar.go:544.19,545.14 1 0
github.com/mooncaker816/go-calendar/lunar.go:556.30,563.3 6 0
github.com/mooncaker816/go-calendar/lunar.go:569.28,571.3 1 0
github.com/mooncaker816/go-calendar/lunar.go:574.33,575.26 1 0
github.com/mooncaker816/go-calendar/lunar.go:575.26,579.4 3 0
github.com/mooncaker816/go-calendar/lunar.go:581.32,582.26 1 0
github.com/mooncaker816/go-calendar/lunar.go:582.26,583.16 1 0
github.com/mooncaker816/go-calendar/lunar.go:586.4,588.56 3 0
github.com/mooncaker816/go-calendar/lunar.go:583.16,584.13 1 0
github.com/mooncaker816/go-calendar/lunar.go:591.25,592.47 1 0
github.com/mooncaker816/go-calendar/lunar.go:593.3,593.33 1 0
github.com/mooncaker816/go-calendar/lunar.go:599.3,599.16 1 0
github.com/mooncaker816/go-calendar/lunar.go:592.47,592.97 1 0
github.com/mooncaker816/go-calendar/lunar.go:593.33,594.40 1 0
github.com/mooncaker816/go-calendar/lunar.go:597.4,597.69 1 0
github.com/mooncaker816/go-calendar/lunar.go:594.40,596.5 1 0
github.com/mooncaker816/go-calendar/lunar.go:602.30,609.3 6 0
github.com/mooncaker816/go-calendar/period.go:32.42,37.9 5 1
github.com/mooncaker816/go-calendar/period.go:55.2,55.15 1 1
github.com/mooncaker816/go-calendar/period.go:38.22,41.23 2 1
github.com/mooncaker816/go-calendar/period.go:42.42,43.24 1 1
github.com/mooncaker816/go-calendar/period.go:44.36,45.17 1 0
github.com/mooncaker816/go-calendar/period.go:46.39,47.17 1 1
github.com/mooncaker816/go-calendar/period.go:48.39,50.19 1 1
github.com/mooncaker816/go-calendar/period.go:51.22,53.17 1 0
github.com/mooncaker816/go-calendar/period.go:58.28,60.12 2 1
github.com/mooncaker816/go-calendar/period.go:63.2,63.9 1 1
github.com/mooncaker816/go-calendar/period.go:77.2,77.14 1 1
github.com/mooncaker816/go-calendar/period.go:60.12,62.3 1 1
github.com/mooncaker816/go-calendar/period.go:65.42,67.32 2 1
github.com/mooncaker816/go-calendar/period.go:71.29,73.32 2 1
github.com/mooncaker816/go-calendar/period.go:67.32,69.4 1 1
github.com/mooncaker816/go-calendar/period.go:73.32,75.4 1 1
github.com/mooncaker816/go-calendar/period.go:83.33,85.19 2 0
github.com/mooncaker816/go-calendar/period.go:95.2,95.18 1 0
github.com/mooncaker816/go-calendar/period.go:103.2,103.56 1 0
github.com/mooncaker816/go-calendar/period.go:86.10,87.19 1 0
github.com/mooncaker816/go-calendar/period.go:88.10,89.19 1 0
github.com/mooncaker816/go-calendar/period.go:90.10,91.19 1 0
github.com/mooncaker816/go-calendar/period.go:92.12,93.25 1 0
github.com/mooncaker816/go-calendar/period.go:96.17,97.54 1 0
github.com/mooncaker816/go-calendar/period.go:98.18,99.54 1 0
github.com/mooncaker816/go-calendar/period.go:100.13,101.30 1 0
github.com/mooncaker816/go-calendar/util.go:38.34,41.9 2 1
github.com/mooncaker816/go-calendar/util.go:42.18,43.46 1 1
github.com/mooncaker816/go-calendar/util.go:44.34,45.46 1 1
github.com/mooncaker816/go-calendar/util.go:46.36,47.33 1 1
github.com/mooncaker816/go-calendar/util.go:48.10,50.82 1 1
github.com/mooncaker816/go-calendar/util.go:54.24,56.11 2 1
github.com/mooncaker816/go-calendar/util.go:59.2,59.10 1 1
github.com/mooncaker816/go-calendar/util.go:56.11,58.3 1 1
github.com/mooncaker816/go-calendar/util.go:63.33,65.2 1 1
github.com/mooncaker816/go-calendar/util.go:68.34,70.2 1 1
github.com/mooncaker816/go-calendar/util.go:73.35,78.13 5 0
github.com/mooncaker816/go-calendar/util.go:87.2,88.30 2 0
github.com/mooncaker816/go-calendar/util.go:93.2,94.59 2 0
github.com/mooncaker816/go-calendar/util.go:78.13,80.17 2 0
github.com/mooncaker816/go-calendar/util.go:83.3,85.48 3 0
github.com/mooncaker816/go-calendar/util.go:80.17,82.4 1 0
github.com/mooncaker816/go-calendar/util.go:88.30,89.20 1 0
github.com/mooncaker816/go-calendar/util.go:89.20,90.9 1 0
github.com/mooncaker816/go-calendar/util.go:97.41,100.2 2 0
